[2021-06-29 15:15:09] -- [INFO ]: [com.prototype.PrototypeSpringbootApplication] -- Starting PrototypeSpringbootApplication using Java 11.0.5 on Marie-laptop.local with PID 73110 (/Users/yiyuanshang/study/prototype_springboot/target/classes started by yiyuanshang in /Users/yiyuanshang/study/prototype_springboot)
[2021-06-29 15:15:09] -- [INFO ]: [com.prototype.PrototypeSpringbootApplication] -- No active profile set, falling back to default profiles: default
[2021-06-29 15:15:10] -- [INFO ]: [com.prototype.PrototypeSpringbootApplication] -- Started PrototypeSpringbootApplication in 1.713 seconds (JVM running for 2.701)
[2021-06-29 15:15:51] -- [INFO ]: [com.prototype.PrototypeSpringbootApplication] -- Starting PrototypeSpringbootApplication using Java 11.0.5 on Marie-laptop.local with PID 73110 (/Users/yiyuanshang/study/prototype_springboot/target/classes started by yiyuanshang in /Users/yiyuanshang/study/prototype_springboot)
[2021-06-29 15:15:51] -- [INFO ]: [com.prototype.PrototypeSpringbootApplication] -- No active profile set, falling back to default profiles: default
[2021-06-29 15:15:51] -- [INFO ]: [com.prototype.PrototypeSpringbootApplication] -- Started PrototypeSpringbootApplication in 0.339 seconds (JVM running for 43.863)
[2021-06-29 15:16:39] -- [INFO ]: [com.prototype.PrototypeSpringbootApplication] -- Starting PrototypeSpringbootApplication using Java 11.0.5 on Marie-laptop.local with PID 73110 (/Users/yiyuanshang/study/prototype_springboot/target/classes started by yiyuanshang in /Users/yiyuanshang/study/prototype_springboot)
[2021-06-29 15:16:39] -- [INFO ]: [com.prototype.PrototypeSpringbootApplication] -- No active profile set, falling back to default profiles: default
[2021-06-29 15:16:40] -- [INFO ]: [com.prototype.PrototypeSpringbootApplication] -- Started PrototypeSpringbootApplication in 0.924 seconds (JVM running for 92.66)
[2021-06-29 15:17:00] -- [INFO ]: [com.prototype.PrototypeSpringbootApplication] -- Starting PrototypeSpringbootApplication using Java 11.0.5 on Marie-laptop.local with PID 73110 (/Users/yiyuanshang/study/prototype_springboot/target/classes started by yiyuanshang in /Users/yiyuanshang/study/prototype_springboot)
[2021-06-29 15:17:00] -- [INFO ]: [com.prototype.PrototypeSpringbootApplication] -- No active profile set, falling back to default profiles: default
[2021-06-29 15:17:00] -- [INFO ]: [com.prototype.PrototypeSpringbootApplication] -- Started PrototypeSpringbootApplication in 0.265 seconds (JVM running for 112.557)
[2021-06-29 15:17:15] -- [INFO ]: [com.prototype.PrototypeSpringbootApplication] -- Starting PrototypeSpringbootApplication using Java 11.0.5 on Marie-laptop.local with PID 73110 (/Users/yiyuanshang/study/prototype_springboot/target/classes started by yiyuanshang in /Users/yiyuanshang/study/prototype_springboot)
[2021-06-29 15:17:15] -- [INFO ]: [com.prototype.PrototypeSpringbootApplication] -- No active profile set, falling back to default profiles: default
[2021-06-29 15:17:15] -- [INFO ]: [com.prototype.PrototypeSpringbootApplication] -- Started PrototypeSpringbootApplication in 0.454 seconds (JVM running for 127.604)
[2021-06-29 15:18:59] -- [INFO ]: [com.prototype.PrototypeSpringbootApplication] -- Starting PrototypeSpringbootApplication using Java 11.0.5 on Marie-laptop.local with PID 73110 (/Users/yiyuanshang/study/prototype_springboot/target/classes started by yiyuanshang in /Users/yiyuanshang/study/prototype_springboot)
[2021-06-29 15:18:59] -- [INFO ]: [com.prototype.PrototypeSpringbootApplication] -- No active profile set, falling back to default profiles: default
[2021-06-29 15:19:00] -- [INFO ]: [com.prototype.PrototypeSpringbootApplication] -- Started PrototypeSpringbootApplication in 0.265 seconds (JVM running for 232.352)
[2021-06-29 15:19:06] -- [INFO ]: [com.prototype.PrototypeSpringbootApplication] -- Starting PrototypeSpringbootApplication using Java 11.0.5 on Marie-laptop.local with PID 73110 (/Users/yiyuanshang/study/prototype_springboot/target/classes started by yiyuanshang in /Users/yiyuanshang/study/prototype_springboot)
[2021-06-29 15:19:06] -- [INFO ]: [com.prototype.PrototypeSpringbootApplication] -- No active profile set, falling back to default profiles: default
[2021-06-29 15:19:06] -- [INFO ]: [com.prototype.PrototypeSpringbootApplication] -- Started PrototypeSpringbootApplication in 0.244 seconds (JVM running for 239.138)
[2021-06-29 15:22:35] -- [INFO ]: [com.prototype.PrototypeSpringbootApplication] -- Starting PrototypeSpringbootApplication using Java 11.0.5 on Marie-laptop.local with PID 73110 (/Users/yiyuanshang/study/prototype_springboot/target/classes started by yiyuanshang in /Users/yiyuanshang/study/prototype_springboot)
[2021-06-29 15:22:35] -- [INFO ]: [com.prototype.PrototypeSpringbootApplication] -- No active profile set, falling back to default profiles: default
[2021-06-29 15:22:35] -- [INFO ]: [com.prototype.PrototypeSpringbootApplication] -- Started PrototypeSpringbootApplication in 0.452 seconds (JVM running for 448.034)
[2021-06-29 15:23:11] -- [INFO ]: [com.prototype.PrototypeSpringbootApplication] -- Starting PrototypeSpringbootApplication using Java 11.0.5 on Marie-laptop.local with PID 73244 (/Users/yiyuanshang/study/prototype_springboot/target/classes started by yiyuanshang in /Users/yiyuanshang/study/prototype_springboot)
[2021-06-29 15:23:11] -- [INFO ]: [com.prototype.PrototypeSpringbootApplication] -- No active profile set, falling back to default profiles: default
[2021-06-29 15:23:12] -- [INFO ]: [com.prototype.PrototypeSpringbootApplication] -- Started PrototypeSpringbootApplication in 1.703 seconds (JVM running for 2.675)
[2021-06-29 15:39:46] -- [INFO ]: [com.prototype.PrototypeSpringbootApplication] -- Starting PrototypeSpringbootApplication using Java 11.0.5 on Marie-laptop.local with PID 73244 (/Users/yiyuanshang/study/prototype_springboot/target/classes started by yiyuanshang in /Users/yiyuanshang/study/prototype_springboot)
[2021-06-29 15:39:46] -- [INFO ]: [com.prototype.PrototypeSpringbootApplication] -- No active profile set, falling back to default profiles: default
[2021-06-29 15:39:46] -- [INFO ]: [com.prototype.PrototypeSpringbootApplication] -- Started PrototypeSpringbootApplication in 0.561 seconds (JVM running for 996.322)
[2021-06-29 15:42:53] -- [INFO ]: [com.prototype.PrototypeSpringbootApplication] -- Starting PrototypeSpringbootApplication using Java 11.0.5 on Marie-laptop.local with PID 73244 (/Users/yiyuanshang/study/prototype_springboot/target/classes started by yiyuanshang in /Users/yiyuanshang/study/prototype_springboot)
[2021-06-29 15:42:53] -- [INFO ]: [com.prototype.PrototypeSpringbootApplication] -- No active profile set, falling back to default profiles: default
[2021-06-29 15:42:53] -- [INFO ]: [com.prototype.PrototypeSpringbootApplication] -- Started PrototypeSpringbootApplication in 0.539 seconds (JVM running for 1183.203)
[2021-06-29 16:04:58] -- [INFO ]: [com.prototype.PrototypeSpringbootApplication] -- Starting PrototypeSpringbootApplication using Java 11.0.5 on Marie-laptop.local with PID 73803 (/Users/yiyuanshang/study/prototype_springboot/target/classes started by yiyuanshang in /Users/yiyuanshang/study/prototype_springboot)
[2021-06-29 16:04:58] -- [INFO ]: [com.prototype.PrototypeSpringbootApplication] -- No active profile set, falling back to default profiles: default
[2021-06-29 16:05:00] -- [INFO ]: [com.prototype.PrototypeSpringbootApplication] -- Started PrototypeSpringbootApplication in 2.531 seconds (JVM running for 3.889)
[2021-06-29 16:06:26] -- [INFO ]: [com.prototype.PrototypeSpringbootApplication] -- Starting PrototypeSpringbootApplication using Java 11.0.5 on Marie-laptop.local with PID 73803 (/Users/yiyuanshang/study/prototype_springboot/target/classes started by yiyuanshang in /Users/yiyuanshang/study/prototype_springboot)
[2021-06-29 16:06:26] -- [INFO ]: [com.prototype.PrototypeSpringbootApplication] -- No active profile set, falling back to default profiles: default
[2021-06-29 16:06:43] -- [INFO ]: [com.prototype.PrototypeSpringbootApplication] -- Starting PrototypeSpringbootApplication using Java 11.0.5 on Marie-laptop.local with PID 73803 (/Users/yiyuanshang/study/prototype_springboot/target/classes started by yiyuanshang in /Users/yiyuanshang/study/prototype_springboot)
[2021-06-29 16:06:43] -- [INFO ]: [com.prototype.PrototypeSpringbootApplication] -- No active profile set, falling back to default profiles: default
[2021-06-29 16:07:46] -- [INFO ]: [com.prototype.PrototypeSpringbootApplication] -- Starting PrototypeSpringbootApplication using Java 11.0.5 on Marie-laptop.local with PID 73803 (/Users/yiyuanshang/study/prototype_springboot/target/classes started by yiyuanshang in /Users/yiyuanshang/study/prototype_springboot)
[2021-06-29 16:07:46] -- [INFO ]: [com.prototype.PrototypeSpringbootApplication] -- No active profile set, falling back to default profiles: default
[2021-06-29 16:17:22] -- [INFO ]: [com.prototype.PrototypeSpringbootApplication] -- Starting PrototypeSpringbootApplication using Java 11.0.5 on Marie-laptop.local with PID 73803 (/Users/yiyuanshang/study/prototype_springboot/target/classes started by yiyuanshang in /Users/yiyuanshang/study/prototype_springboot)
[2021-06-29 16:17:22] -- [INFO ]: [com.prototype.PrototypeSpringbootApplication] -- No active profile set, falling back to default profiles: default
[2021-06-29 16:17:22] -- [INFO ]: [com.prototype.PrototypeSpringbootApplication] -- Started PrototypeSpringbootApplication in 0.571 seconds (JVM running for 745.636)
[2021-06-29 16:19:43] -- [INFO ]: [com.prototype.PrototypeSpringbootApplication] -- Starting PrototypeSpringbootApplication using Java 11.0.5 on Marie-laptop.local with PID 73803 (/Users/yiyuanshang/study/prototype_springboot/target/classes started by yiyuanshang in /Users/yiyuanshang/study/prototype_springboot)
[2021-06-29 16:19:43] -- [INFO ]: [com.prototype.PrototypeSpringbootApplication] -- No active profile set, falling back to default profiles: default
[2021-06-29 16:19:43] -- [INFO ]: [com.prototype.PrototypeSpringbootApplication] -- Started PrototypeSpringbootApplication in 0.326 seconds (JVM running for 886.945)
[2021-06-29 16:21:34] -- [INFO ]: [com.prototype.PrototypeSpringbootApplication] -- Starting PrototypeSpringbootApplication using Java 11.0.5 on Marie-laptop.local with PID 73803 (/Users/yiyuanshang/study/prototype_springboot/target/classes started by yiyuanshang in /Users/yiyuanshang/study/prototype_springboot)
[2021-06-29 16:21:34] -- [INFO ]: [com.prototype.PrototypeSpringbootApplication] -- No active profile set, falling back to default profiles: default
[2021-06-29 16:21:35] -- [INFO ]: [com.prototype.PrototypeSpringbootApplication] -- Started PrototypeSpringbootApplication in 0.691 seconds (JVM running for 998.325)
[2021-06-29 16:21:36] -- [INFO ]: [com.prototype.PrototypeSpringbootApplication] -- Starting PrototypeSpringbootApplication using Java 11.0.5 on Marie-laptop.local with PID 73803 (/Users/yiyuanshang/study/prototype_springboot/target/classes started by yiyuanshang in /Users/yiyuanshang/study/prototype_springboot)
[2021-06-29 16:21:36] -- [INFO ]: [com.prototype.PrototypeSpringbootApplication] -- No active profile set, falling back to default profiles: default
[2021-06-29 16:21:36] -- [INFO ]: [com.prototype.PrototypeSpringbootApplication] -- Started PrototypeSpringbootApplication in 0.463 seconds (JVM running for 1000.266)
[2021-06-29 16:21:48] -- [INFO ]: [com.prototype.PrototypeSpringbootApplication] -- Starting PrototypeSpringbootApplication using Java 11.0.5 on Marie-laptop.local with PID 73803 (/Users/yiyuanshang/study/prototype_springboot/target/classes started by yiyuanshang in /Users/yiyuanshang/study/prototype_springboot)
[2021-06-29 16:21:48] -- [INFO ]: [com.prototype.PrototypeSpringbootApplication] -- No active profile set, falling back to default profiles: default
[2021-06-29 16:21:48] -- [INFO ]: [com.prototype.PrototypeSpringbootApplication] -- Started PrototypeSpringbootApplication in 0.275 seconds (JVM running for 1012.135)
[2021-06-29 16:31:41] -- [INFO ]: [com.prototype.PrototypeSpringbootApplication] -- Starting PrototypeSpringbootApplication using Java 11.0.5 on Marie-laptop.local with PID 74285 (/Users/yiyuanshang/study/prototype_springboot/target/classes started by yiyuanshang in /Users/yiyuanshang/study/prototype_springboot)
[2021-06-29 16:31:41] -- [INFO ]: [org.hibernate.validator.internal.util.Version] -- HV000001: Hibernate Validator 6.2.0.Final
[2021-06-29 16:31:41] -- [INFO ]: [com.prototype.PrototypeSpringbootApplication] -- No active profile set, falling back to default profiles: default
[2021-06-29 16:31:43] -- [INFO ]: [com.zaxxer.hikari.HikariDataSource] -- HikariPool-1 - Starting...
[2021-06-29 16:31:43] -- [INFO ]: [com.zaxxer.hikari.HikariDataSource] -- HikariPool-1 - Start completed.
[2021-06-29 16:31:43] -- [INFO ]: [org.hibernate.Version] -- HHH000412: Hibernate ORM core version 5.4.32.Final
[2021-06-29 16:31:43] -- [INFO ]: [org.hibernate.annotations.common.Version] -- HCANN000001: Hibernate Commons Annotations {5.1.2.Final}
[2021-06-29 16:31:43] -- [INFO ]: [org.hibernate.dialect.Dialect] -- HHH000400: Using dialect: org.hibernate.dialect.H2Dialect
[2021-06-29 16:31:44] -- [INFO ]: [org.hibernate.engine.transaction.jta.platform.internal.JtaPlatformInitiator] -- HHH000490: Using JtaPlatform implementation: [org.hibernate.engine.transaction.jta.platform.internal.NoJtaPlatform]
[2021-06-29 16:31:44] -- [INFO ]: [com.prototype.PrototypeSpringbootApplication] -- Started PrototypeSpringbootApplication in 3.823 seconds (JVM running for 4.664)
[2021-06-29 16:31:45] -- [INFO ]: [com.prototype.thymeleaf.config.LoadDatabase] -- Preloading User [userId=1, name=John, age=20, membership=true]
[2021-06-29 16:31:45] -- [INFO ]: [com.prototype.thymeleaf.config.LoadDatabase] -- Preloading User [userId=2, name=Jane, age=26, membership=false]
[2021-06-29 16:31:45] -- [INFO ]: [com.prototype.thymeleaf.config.LoadDatabase] -- Preloading User [userId=3, name=Doe, age=35, membership=false]
[2021-06-29 16:31:45] -- [INFO ]: [com.prototype.thymeleaf.config.LoadDatabase] -- Preloading User [userId=4, name=Lisa, age=46, membership=true]
[2021-06-29 16:31:45] -- [INFO ]: [com.prototype.thymeleaf.config.LoadDatabase] -- Preloading User [userId=5, name=Ann, age=41, membership=false]
[2021-06-29 16:34:00] -- [INFO ]: [org.hibernate.tool.schema.internal.SchemaDropperImpl$DelayedDropActionImpl] -- HHH000477: Starting delayed evictData of schema as part of SessionFactory shut-down'
[2021-06-29 16:34:00] -- [INFO ]: [com.zaxxer.hikari.HikariDataSource] -- HikariPool-1 - Shutdown initiated...
[2021-06-29 16:34:00] -- [INFO ]: [com.zaxxer.hikari.HikariDataSource] -- HikariPool-1 - Shutdown completed.
[2021-06-29 16:34:01] -- [INFO ]: [com.prototype.PrototypeSpringbootApplication] -- Starting PrototypeSpringbootApplication using Java 11.0.5 on Marie-laptop.local with PID 74285 (/Users/yiyuanshang/study/prototype_springboot/target/classes started by yiyuanshang in /Users/yiyuanshang/study/prototype_springboot)
[2021-06-29 16:34:01] -- [INFO ]: [com.prototype.PrototypeSpringbootApplication] -- No active profile set, falling back to default profiles: default
[2021-06-29 16:34:01] -- [INFO ]: [com.zaxxer.hikari.HikariDataSource] -- HikariPool-2 - Starting...
[2021-06-29 16:34:01] -- [INFO ]: [com.zaxxer.hikari.HikariDataSource] -- HikariPool-2 - Start completed.
[2021-06-29 16:34:01] -- [INFO ]: [org.hibernate.dialect.Dialect] -- HHH000400: Using dialect: org.hibernate.dialect.H2Dialect
[2021-06-29 16:34:01] -- [INFO ]: [org.hibernate.engine.transaction.jta.platform.internal.JtaPlatformInitiator] -- HHH000490: Using JtaPlatform implementation: [org.hibernate.engine.transaction.jta.platform.internal.NoJtaPlatform]
[2021-06-29 16:34:02] -- [INFO ]: [com.prototype.PrototypeSpringbootApplication] -- Started PrototypeSpringbootApplication in 1.092 seconds (JVM running for 141.871)
[2021-06-29 16:34:02] -- [INFO ]: [com.prototype.thymeleaf.config.LoadDatabase] -- Preloading User [userId=1, name=John, age=20, membership=true]
[2021-06-29 16:34:02] -- [INFO ]: [com.prototype.thymeleaf.config.LoadDatabase] -- Preloading User [userId=2, name=Jane, age=26, membership=false]
[2021-06-29 16:34:02] -- [INFO ]: [com.prototype.thymeleaf.config.LoadDatabase] -- Preloading User [userId=3, name=Doe, age=35, membership=false]
[2021-06-29 16:34:02] -- [INFO ]: [com.prototype.thymeleaf.config.LoadDatabase] -- Preloading User [userId=4, name=Lisa, age=46, membership=true]
[2021-06-29 16:34:02] -- [INFO ]: [com.prototype.thymeleaf.config.LoadDatabase] -- Preloading User [userId=5, name=Ann, age=41, membership=false]
[2021-06-29 16:36:16] -- [INFO ]: [org.hibernate.tool.schema.internal.SchemaDropperImpl$DelayedDropActionImpl] -- HHH000477: Starting delayed evictData of schema as part of SessionFactory shut-down'
[2021-06-29 16:36:16] -- [INFO ]: [com.zaxxer.hikari.HikariDataSource] -- HikariPool-2 - Shutdown initiated...
[2021-06-29 16:36:16] -- [INFO ]: [com.zaxxer.hikari.HikariDataSource] -- HikariPool-2 - Shutdown completed.
[2021-06-29 18:27:02] -- [INFO ]: [org.hibernate.validator.internal.util.Version] -- HV000001: Hibernate Validator 6.2.0.Final
[2021-06-29 18:27:02] -- [INFO ]: [com.prototype.PrototypeSpringbootApplication] -- Starting PrototypeSpringbootApplication using Java 11.0.5 on Marie-laptop.local with PID 76362 (/Users/yiyuanshang/study/prototype_springboot/target/classes started by yiyuanshang in /Users/yiyuanshang/study/prototype_springboot)
[2021-06-29 18:27:02] -- [INFO ]: [com.prototype.PrototypeSpringbootApplication] -- No active profile set, falling back to default profiles: default
[2021-06-29 18:27:04] -- [INFO ]: [com.zaxxer.hikari.HikariDataSource] -- HikariPool-1 - Starting...
[2021-06-29 18:27:05] -- [INFO ]: [com.zaxxer.hikari.HikariDataSource] -- HikariPool-1 - Start completed.
[2021-06-29 18:27:05] -- [INFO ]: [org.hibernate.Version] -- HHH000412: Hibernate ORM core version 5.4.32.Final
[2021-06-29 18:27:05] -- [INFO ]: [org.hibernate.annotations.common.Version] -- HCANN000001: Hibernate Commons Annotations {5.1.2.Final}
[2021-06-29 18:27:05] -- [INFO ]: [org.hibernate.dialect.Dialect] -- HHH000400: Using dialect: org.hibernate.dialect.H2Dialect
[2021-06-29 18:27:06] -- [INFO ]: [org.hibernate.engine.transaction.jta.platform.internal.JtaPlatformInitiator] -- HHH000490: Using JtaPlatform implementation: [org.hibernate.engine.transaction.jta.platform.internal.NoJtaPlatform]
[2021-06-29 18:27:07] -- [INFO ]: [com.prototype.PrototypeSpringbootApplication] -- Started PrototypeSpringbootApplication in 5.269 seconds (JVM running for 6.697)
[2021-06-29 18:27:07] -- [INFO ]: [com.prototype.thymeleaf.config.LoadDatabase] -- Preloading User [userId=1, name=John, age=20, membership=true]
[2021-06-29 18:27:07] -- [INFO ]: [com.prototype.thymeleaf.config.LoadDatabase] -- Preloading User [userId=2, name=Jane, age=26, membership=false]
[2021-06-29 18:27:07] -- [INFO ]: [com.prototype.thymeleaf.config.LoadDatabase] -- Preloading User [userId=3, name=Doe, age=35, membership=false]
[2021-06-29 18:27:07] -- [INFO ]: [com.prototype.thymeleaf.config.LoadDatabase] -- Preloading User [userId=4, name=Lisa, age=46, membership=true]
[2021-06-29 18:27:07] -- [INFO ]: [com.prototype.thymeleaf.config.LoadDatabase] -- Preloading User [userId=5, name=Ann, age=41, membership=false]
[2021-06-29 18:31:07] -- [INFO ]: [org.hibernate.tool.schema.internal.SchemaDropperImpl$DelayedDropActionImpl] -- HHH000477: Starting delayed evictData of schema as part of SessionFactory shut-down'
[2021-06-29 18:31:07] -- [INFO ]: [com.zaxxer.hikari.HikariDataSource] -- HikariPool-1 - Shutdown initiated...
[2021-06-29 18:31:07] -- [INFO ]: [com.zaxxer.hikari.HikariDataSource] -- HikariPool-1 - Shutdown completed.
[2021-06-29 18:31:08] -- [INFO ]: [com.prototype.PrototypeSpringbootApplication] -- Starting PrototypeSpringbootApplication using Java 11.0.5 on Marie-laptop.local with PID 76362 (/Users/yiyuanshang/study/prototype_springboot/target/classes started by yiyuanshang in /Users/yiyuanshang/study/prototype_springboot)
[2021-06-29 18:31:08] -- [INFO ]: [com.prototype.PrototypeSpringbootApplication] -- No active profile set, falling back to default profiles: default
[2021-06-29 18:31:08] -- [INFO ]: [com.zaxxer.hikari.HikariDataSource] -- HikariPool-2 - Starting...
[2021-06-29 18:31:08] -- [INFO ]: [com.zaxxer.hikari.HikariDataSource] -- HikariPool-2 - Start completed.
[2021-06-29 18:31:08] -- [INFO ]: [org.hibernate.dialect.Dialect] -- HHH000400: Using dialect: org.hibernate.dialect.H2Dialect
[2021-06-29 18:31:08] -- [INFO ]: [org.hibernate.engine.transaction.jta.platform.internal.JtaPlatformInitiator] -- HHH000490: Using JtaPlatform implementation: [org.hibernate.engine.transaction.jta.platform.internal.NoJtaPlatform]
[2021-06-29 18:31:09] -- [INFO ]: [com.prototype.PrototypeSpringbootApplication] -- Started PrototypeSpringbootApplication in 1.061 seconds (JVM running for 248.33)
[2021-06-29 18:31:09] -- [INFO ]: [com.prototype.thymeleaf.config.LoadDatabase] -- Preloading User [userId=1, name=John, age=20, membership=true]
[2021-06-29 18:31:09] -- [INFO ]: [com.prototype.thymeleaf.config.LoadDatabase] -- Preloading User [userId=2, name=Jane, age=26, membership=false]
[2021-06-29 18:31:09] -- [INFO ]: [com.prototype.thymeleaf.config.LoadDatabase] -- Preloading User [userId=3, name=Doe, age=35, membership=false]
[2021-06-29 18:31:09] -- [INFO ]: [com.prototype.thymeleaf.config.LoadDatabase] -- Preloading User [userId=4, name=Lisa, age=46, membership=true]
[2021-06-29 18:31:09] -- [INFO ]: [com.prototype.thymeleaf.config.LoadDatabase] -- Preloading User [userId=5, name=Ann, age=41, membership=false]
[2021-06-29 18:32:59] -- [INFO ]: [org.hibernate.tool.schema.internal.SchemaDropperImpl$DelayedDropActionImpl] -- HHH000477: Starting delayed evictData of schema as part of SessionFactory shut-down'
[2021-06-29 18:32:59] -- [INFO ]: [com.zaxxer.hikari.HikariDataSource] -- HikariPool-2 - Shutdown initiated...
[2021-06-29 18:32:59] -- [INFO ]: [com.zaxxer.hikari.HikariDataSource] -- HikariPool-2 - Shutdown completed.
[2021-06-29 18:32:59] -- [INFO ]: [com.prototype.PrototypeSpringbootApplication] -- Starting PrototypeSpringbootApplication using Java 11.0.5 on Marie-laptop.local with PID 76362 (/Users/yiyuanshang/study/prototype_springboot/target/classes started by yiyuanshang in /Users/yiyuanshang/study/prototype_springboot)
[2021-06-29 18:32:59] -- [INFO ]: [com.prototype.PrototypeSpringbootApplication] -- No active profile set, falling back to default profiles: default
[2021-06-29 18:33:01] -- [INFO ]: [com.zaxxer.hikari.HikariDataSource] -- HikariPool-3 - Starting...
[2021-06-29 18:33:01] -- [INFO ]: [com.zaxxer.hikari.HikariDataSource] -- HikariPool-3 - Start completed.
[2021-06-29 18:33:01] -- [INFO ]: [org.hibernate.dialect.Dialect] -- HHH000400: Using dialect: org.hibernate.dialect.H2Dialect
[2021-06-29 18:33:02] -- [INFO ]: [org.hibernate.engine.transaction.jta.platform.internal.JtaPlatformInitiator] -- HHH000490: Using JtaPlatform implementation: [org.hibernate.engine.transaction.jta.platform.internal.NoJtaPlatform]
[2021-06-29 18:33:02] -- [INFO ]: [com.prototype.PrototypeSpringbootApplication] -- Started PrototypeSpringbootApplication in 2.992 seconds (JVM running for 362.09)
[2021-06-29 18:33:02] -- [INFO ]: [com.prototype.thymeleaf.config.LoadDatabase] -- Preloading User [userId=1, name=John, age=20, membership=true]
[2021-06-29 18:33:02] -- [INFO ]: [com.prototype.thymeleaf.config.LoadDatabase] -- Preloading User [userId=2, name=Jane, age=26, membership=false]
[2021-06-29 18:33:02] -- [INFO ]: [com.prototype.thymeleaf.config.LoadDatabase] -- Preloading User [userId=3, name=Doe, age=35, membership=false]
[2021-06-29 18:33:02] -- [INFO ]: [com.prototype.thymeleaf.config.LoadDatabase] -- Preloading User [userId=4, name=Lisa, age=46, membership=true]
[2021-06-29 18:33:02] -- [INFO ]: [com.prototype.thymeleaf.config.LoadDatabase] -- Preloading User [userId=5, name=Ann, age=41, membership=false]
[2021-06-29 19:08:26] -- [INFO ]: [org.hibernate.tool.schema.internal.SchemaDropperImpl$DelayedDropActionImpl] -- HHH000477: Starting delayed evictData of schema as part of SessionFactory shut-down'
[2021-06-29 19:08:26] -- [INFO ]: [com.zaxxer.hikari.HikariDataSource] -- HikariPool-3 - Shutdown initiated...
[2021-06-29 19:08:26] -- [INFO ]: [com.zaxxer.hikari.HikariDataSource] -- HikariPool-3 - Shutdown completed.
[2021-06-29 19:08:26] -- [INFO ]: [com.prototype.PrototypeSpringbootApplication] -- Starting PrototypeSpringbootApplication using Java 11.0.5 on Marie-laptop.local with PID 76362 (/Users/yiyuanshang/study/prototype_springboot/target/classes started by yiyuanshang in /Users/yiyuanshang/study/prototype_springboot)
[2021-06-29 19:08:26] -- [INFO ]: [com.prototype.PrototypeSpringbootApplication] -- No active profile set, falling back to default profiles: default
[2021-06-29 19:08:27] -- [INFO ]: [com.zaxxer.hikari.HikariDataSource] -- HikariPool-4 - Starting...
[2021-06-29 19:08:27] -- [INFO ]: [com.zaxxer.hikari.HikariDataSource] -- HikariPool-4 - Start completed.
[2021-06-29 19:08:27] -- [INFO ]: [org.hibernate.dialect.Dialect] -- HHH000400: Using dialect: org.hibernate.dialect.H2Dialect
[2021-06-29 19:08:27] -- [INFO ]: [com.zaxxer.hikari.HikariDataSource] -- HikariPool-4 - Shutdown initiated...
[2021-06-29 19:08:27] -- [INFO ]: [com.zaxxer.hikari.HikariDataSource] -- HikariPool-4 - Shutdown completed.
[2021-06-29 19:08:46] -- [INFO ]: [com.prototype.PrototypeSpringbootApplication] -- Starting PrototypeSpringbootApplication using Java 11.0.5 on Marie-laptop.local with PID 76362 (/Users/yiyuanshang/study/prototype_springboot/target/classes started by yiyuanshang in /Users/yiyuanshang/study/prototype_springboot)
[2021-06-29 19:08:46] -- [INFO ]: [com.prototype.PrototypeSpringbootApplication] -- No active profile set, falling back to default profiles: default
[2021-06-29 19:08:46] -- [INFO ]: [com.zaxxer.hikari.HikariDataSource] -- HikariPool-5 - Starting...
[2021-06-29 19:08:46] -- [INFO ]: [com.zaxxer.hikari.HikariDataSource] -- HikariPool-5 - Start completed.
[2021-06-29 19:08:46] -- [INFO ]: [org.hibernate.dialect.Dialect] -- HHH000400: Using dialect: org.hibernate.dialect.H2Dialect
[2021-06-29 19:08:46] -- [INFO ]: [org.hibernate.engine.transaction.jta.platform.internal.JtaPlatformInitiator] -- HHH000490: Using JtaPlatform implementation: [org.hibernate.engine.transaction.jta.platform.internal.NoJtaPlatform]
[2021-06-29 19:08:47] -- [INFO ]: [com.prototype.PrototypeSpringbootApplication] -- Started PrototypeSpringbootApplication in 0.944 seconds (JVM running for 2506.376)
[2021-06-29 19:08:47] -- [INFO ]: [org.hibernate.tool.schema.internal.SchemaDropperImpl$DelayedDropActionImpl] -- HHH000477: Starting delayed evictData of schema as part of SessionFactory shut-down'
[2021-06-29 19:08:47] -- [INFO ]: [com.zaxxer.hikari.HikariDataSource] -- HikariPool-5 - Shutdown initiated...
[2021-06-29 19:08:47] -- [INFO ]: [com.zaxxer.hikari.HikariDataSource] -- HikariPool-5 - Shutdown completed.
[2021-06-29 19:09:02] -- [INFO ]: [com.prototype.PrototypeSpringbootApplication] -- Starting PrototypeSpringbootApplication using Java 11.0.5 on Marie-laptop.local with PID 76980 (/Users/yiyuanshang/study/prototype_springboot/target/classes started by yiyuanshang in /Users/yiyuanshang/study/prototype_springboot)
[2021-06-29 19:09:02] -- [INFO ]: [org.hibernate.validator.internal.util.Version] -- HV000001: Hibernate Validator 6.2.0.Final
[2021-06-29 19:09:02] -- [INFO ]: [com.prototype.PrototypeSpringbootApplication] -- No active profile set, falling back to default profiles: default
[2021-06-29 19:09:04] -- [INFO ]: [com.zaxxer.hikari.HikariDataSource] -- HikariPool-1 - Starting...
[2021-06-29 19:09:04] -- [INFO ]: [com.zaxxer.hikari.HikariDataSource] -- HikariPool-1 - Start completed.
[2021-06-29 19:09:04] -- [INFO ]: [org.hibernate.Version] -- HHH000412: Hibernate ORM core version 5.4.32.Final
[2021-06-29 19:09:04] -- [INFO ]: [org.hibernate.annotations.common.Version] -- HCANN000001: Hibernate Commons Annotations {5.1.2.Final}
[2021-06-29 19:09:04] -- [INFO ]: [org.hibernate.dialect.Dialect] -- HHH000400: Using dialect: org.hibernate.dialect.H2Dialect
[2021-06-29 19:09:05] -- [INFO ]: [org.hibernate.engine.transaction.jta.platform.internal.JtaPlatformInitiator] -- HHH000490: Using JtaPlatform implementation: [org.hibernate.engine.transaction.jta.platform.internal.NoJtaPlatform]
[2021-06-29 19:09:06] -- [INFO ]: [com.prototype.PrototypeSpringbootApplication] -- Started PrototypeSpringbootApplication in 4.019 seconds (JVM running for 5.031)
[2021-06-29 19:09:06] -- [INFO ]: [org.hibernate.tool.schema.internal.SchemaDropperImpl$DelayedDropActionImpl] -- HHH000477: Starting delayed evictData of schema as part of SessionFactory shut-down'
[2021-06-29 19:09:06] -- [INFO ]: [com.zaxxer.hikari.HikariDataSource] -- HikariPool-1 - Shutdown initiated...
[2021-06-29 19:09:06] -- [INFO ]: [com.zaxxer.hikari.HikariDataSource] -- HikariPool-1 - Shutdown completed.
[2021-06-29 19:10:37] -- [INFO ]: [org.hibernate.validator.internal.util.Version] -- HV000001: Hibernate Validator 6.2.0.Final
[2021-06-29 19:10:37] -- [INFO ]: [com.prototype.PrototypeSpringbootApplication] -- Starting PrototypeSpringbootApplication using Java 11.0.5 on Marie-laptop.local with PID 77008 (/Users/yiyuanshang/study/prototype_springboot/target/classes started by yiyuanshang in /Users/yiyuanshang/study/prototype_springboot)
[2021-06-29 19:10:37] -- [INFO ]: [com.prototype.PrototypeSpringbootApplication] -- No active profile set, falling back to default profiles: default
[2021-06-29 19:10:39] -- [INFO ]: [com.zaxxer.hikari.HikariDataSource] -- HikariPool-1 - Starting...
[2021-06-29 19:10:39] -- [INFO ]: [com.zaxxer.hikari.HikariDataSource] -- HikariPool-1 - Start completed.
[2021-06-29 19:10:39] -- [INFO ]: [org.hibernate.Version] -- HHH000412: Hibernate ORM core version 5.4.32.Final
[2021-06-29 19:10:39] -- [INFO ]: [org.hibernate.annotations.common.Version] -- HCANN000001: Hibernate Commons Annotations {5.1.2.Final}
[2021-06-29 19:10:40] -- [INFO ]: [org.hibernate.dialect.Dialect] -- HHH000400: Using dialect: org.hibernate.dialect.H2Dialect
[2021-06-29 19:10:41] -- [INFO ]: [org.hibernate.engine.transaction.jta.platform.internal.JtaPlatformInitiator] -- HHH000490: Using JtaPlatform implementation: [org.hibernate.engine.transaction.jta.platform.internal.NoJtaPlatform]
[2021-06-29 19:10:41] -- [INFO ]: [com.prototype.PrototypeSpringbootApplication] -- Started PrototypeSpringbootApplication in 5.09 seconds (JVM running for 6.217)
[2021-06-29 19:10:41] -- [INFO ]: [org.hibernate.tool.schema.internal.SchemaDropperImpl$DelayedDropActionImpl] -- HHH000477: Starting delayed evictData of schema as part of SessionFactory shut-down'
[2021-06-29 19:10:42] -- [INFO ]: [com.zaxxer.hikari.HikariDataSource] -- HikariPool-1 - Shutdown initiated...
[2021-06-29 19:10:42] -- [INFO ]: [com.zaxxer.hikari.HikariDataSource] -- HikariPool-1 - Shutdown completed.
[2021-06-29 19:14:10] -- [INFO ]: [com.prototype.PrototypeSpringbootApplication] -- Starting PrototypeSpringbootApplication using Java 11.0.5 on Marie-laptop.local with PID 77055 (/Users/yiyuanshang/study/prototype_springboot/target/classes started by yiyuanshang in /Users/yiyuanshang/study/prototype_springboot)
[2021-06-29 19:14:10] -- [INFO ]: [com.prototype.PrototypeSpringbootApplication] -- No active profile set, falling back to default profiles: default
[2021-06-29 19:14:13] -- [INFO ]: [com.prototype.PrototypeSpringbootApplication] -- Started PrototypeSpringbootApplication in 3.642 seconds (JVM running for 4.714)
[2021-06-29 19:15:07] -- [INFO ]: [com.prototype.PrototypeSpringbootApplication] -- Starting PrototypeSpringbootApplication using Java 11.0.5 on Marie-laptop.local with PID 77070 (/Users/yiyuanshang/study/prototype_springboot/target/classes started by yiyuanshang in /Users/yiyuanshang/study/prototype_springboot)
[2021-06-29 19:15:07] -- [INFO ]: [com.prototype.PrototypeSpringbootApplication] -- No active profile set, falling back to default profiles: default
[2021-06-29 19:15:11] -- [INFO ]: [com.prototype.PrototypeSpringbootApplication] -- Started PrototypeSpringbootApplication in 4.347 seconds (JVM running for 5.462)
[2021-06-29 19:15:36] -- [INFO ]: [com.prototype.PrototypeSpringbootApplication] -- Starting PrototypeSpringbootApplication using Java 11.0.5 on Marie-laptop.local with PID 77078 (/Users/yiyuanshang/study/prototype_springboot/target/classes started by yiyuanshang in /Users/yiyuanshang/study/prototype_springboot)
[2021-06-29 19:15:36] -- [INFO ]: [com.prototype.PrototypeSpringbootApplication] -- No active profile set, falling back to default profiles: default
[2021-06-29 19:15:40] -- [INFO ]: [com.prototype.PrototypeSpringbootApplication] -- Started PrototypeSpringbootApplication in 4.182 seconds (JVM running for 5.176)
[2021-06-29 19:15:40] -- [INFO ]: [com.prototype.thymeleaf.config.LoadDatabase] -- Preloading User [userId=1, name=John, age=20, membership=true]
[2021-06-29 19:15:40] -- [INFO ]: [com.prototype.thymeleaf.config.LoadDatabase] -- Preloading User [userId=2, name=Jane, age=26, membership=false]
[2021-06-29 19:15:40] -- [INFO ]: [com.prototype.thymeleaf.config.LoadDatabase] -- Preloading User [userId=3, name=Doe, age=35, membership=false]
[2021-06-29 19:15:40] -- [INFO ]: [com.prototype.thymeleaf.config.LoadDatabase] -- Preloading User [userId=4, name=Lisa, age=46, membership=true]
[2021-06-29 19:15:40] -- [INFO ]: [com.prototype.thymeleaf.config.LoadDatabase] -- Preloading User [userId=5, name=Ann, age=41, membership=false]
[2021-06-29 19:16:38] -- [INFO ]: [com.prototype.PrototypeSpringbootApplication] -- Starting PrototypeSpringbootApplication using Java 11.0.5 on Marie-laptop.local with PID 77078 (/Users/yiyuanshang/study/prototype_springboot/target/classes started by yiyuanshang in /Users/yiyuanshang/study/prototype_springboot)
[2021-06-29 19:16:38] -- [INFO ]: [com.prototype.PrototypeSpringbootApplication] -- No active profile set, falling back to default profiles: default
[2021-06-29 19:16:39] -- [INFO ]: [com.prototype.PrototypeSpringbootApplication] -- Started PrototypeSpringbootApplication in 1.931 seconds (JVM running for 64.572)
[2021-06-29 19:16:39] -- [INFO ]: [com.prototype.thymeleaf.config.LoadDatabase] -- Preloading User [userId=1, name=John, age=20, membership=true]
[2021-06-29 19:16:39] -- [INFO ]: [com.prototype.thymeleaf.config.LoadDatabase] -- Preloading User [userId=2, name=Jane, age=26, membership=false]
[2021-06-29 19:16:39] -- [INFO ]: [com.prototype.thymeleaf.config.LoadDatabase] -- Preloading User [userId=3, name=Doe, age=35, membership=false]
[2021-06-29 19:16:39] -- [INFO ]: [com.prototype.thymeleaf.config.LoadDatabase] -- Preloading User [userId=4, name=Lisa, age=46, membership=true]
[2021-06-29 19:16:39] -- [INFO ]: [com.prototype.thymeleaf.config.LoadDatabase] -- Preloading User [userId=5, name=Ann, age=41, membership=false]
[2021-06-29 19:33:46] -- [INFO ]: [com.prototype.PrototypeSpringbootApplication] -- Starting PrototypeSpringbootApplication using Java 11.0.5 on Marie-laptop.local with PID 77320 (/Users/yiyuanshang/study/prototype_springboot/target/classes started by yiyuanshang in /Users/yiyuanshang/study/prototype_springboot)
[2021-06-29 19:33:46] -- [INFO ]: [com.prototype.PrototypeSpringbootApplication] -- No active profile set, falling back to default profiles: default
[2021-06-29 19:33:56] -- [INFO ]: [com.prototype.PrototypeSpringbootApplication] -- Started PrototypeSpringbootApplication in 11.116 seconds (JVM running for 12.973)
[2021-06-29 19:33:56] -- [INFO ]: [com.prototype.thymeleaf.config.LoadDatabase] -- Preloading User [userId=1, name=John, age=20, membership=true]
[2021-06-29 19:33:56] -- [INFO ]: [com.prototype.thymeleaf.config.LoadDatabase] -- Preloading User [userId=2, name=Jane, age=26, membership=false]
[2021-06-29 19:33:56] -- [INFO ]: [com.prototype.thymeleaf.config.LoadDatabase] -- Preloading User [userId=3, name=Doe, age=35, membership=false]
[2021-06-29 19:33:56] -- [INFO ]: [com.prototype.thymeleaf.config.LoadDatabase] -- Preloading User [userId=4, name=Lisa, age=46, membership=true]
[2021-06-29 19:33:56] -- [INFO ]: [com.prototype.thymeleaf.config.LoadDatabase] -- Preloading User [userId=5, name=Ann, age=41, membership=false]
[2021-06-29 19:40:34] -- [INFO ]: [com.prototype.PrototypeSpringbootApplication] -- Starting PrototypeSpringbootApplication using Java 11.0.5 on Marie-laptop.local with PID 77320 (/Users/yiyuanshang/study/prototype_springboot/target/classes started by yiyuanshang in /Users/yiyuanshang/study/prototype_springboot)
[2021-06-29 19:40:34] -- [INFO ]: [com.prototype.PrototypeSpringbootApplication] -- No active profile set, falling back to default profiles: default
[2021-06-29 19:40:35] -- [INFO ]: [com.prototype.PrototypeSpringbootApplication] -- Started PrototypeSpringbootApplication in 0.972 seconds (JVM running for 411.569)
[2021-06-29 19:40:35] -- [INFO ]: [com.prototype.thymeleaf.config.LoadDatabase] -- Preloading User [userId=1, name=John, age=20, membership=true]
[2021-06-29 19:40:35] -- [INFO ]: [com.prototype.thymeleaf.config.LoadDatabase] -- Preloading User [userId=2, name=Jane, age=26, membership=false]
[2021-06-29 19:40:35] -- [INFO ]: [com.prototype.thymeleaf.config.LoadDatabase] -- Preloading User [userId=3, name=Doe, age=35, membership=false]
[2021-06-29 19:40:35] -- [INFO ]: [com.prototype.thymeleaf.config.LoadDatabase] -- Preloading User [userId=4, name=Lisa, age=46, membership=true]
[2021-06-29 19:40:35] -- [INFO ]: [com.prototype.thymeleaf.config.LoadDatabase] -- Preloading User [userId=5, name=Ann, age=41, membership=false]
[2021-06-29 19:41:18] -- [INFO ]: [com.prototype.PrototypeSpringbootApplication] -- Starting PrototypeSpringbootApplication using Java 11.0.5 on Marie-laptop.local with PID 77320 (/Users/yiyuanshang/study/prototype_springboot/target/classes started by yiyuanshang in /Users/yiyuanshang/study/prototype_springboot)
[2021-06-29 19:41:18] -- [INFO ]: [com.prototype.PrototypeSpringbootApplication] -- No active profile set, falling back to default profiles: default
[2021-06-29 19:41:18] -- [INFO ]: [com.prototype.PrototypeSpringbootApplication] -- Started PrototypeSpringbootApplication in 0.75 seconds (JVM running for 455.458)
[2021-06-29 19:41:18] -- [INFO ]: [com.prototype.thymeleaf.config.LoadDatabase] -- Preloading User [userId=1, name=John, age=20, membership=true]
[2021-06-29 19:41:18] -- [INFO ]: [com.prototype.thymeleaf.config.LoadDatabase] -- Preloading User [userId=2, name=Jane, age=26, membership=false]
[2021-06-29 19:41:18] -- [INFO ]: [com.prototype.thymeleaf.config.LoadDatabase] -- Preloading User [userId=3, name=Doe, age=35, membership=false]
[2021-06-29 19:41:18] -- [INFO ]: [com.prototype.thymeleaf.config.LoadDatabase] -- Preloading User [userId=4, name=Lisa, age=46, membership=true]
[2021-06-29 19:41:18] -- [INFO ]: [com.prototype.thymeleaf.config.LoadDatabase] -- Preloading User [userId=5, name=Ann, age=41, membership=false]
[2021-06-29 19:50:34] -- [INFO ]: [com.prototype.PrototypeSpringbootApplication] -- Starting PrototypeSpringbootApplication using Java 11.0.5 on Marie-laptop.local with PID 77516 (/Users/yiyuanshang/study/prototype_springboot/target/classes started by yiyuanshang in /Users/yiyuanshang/study/prototype_springboot)
[2021-06-29 19:50:34] -- [INFO ]: [com.prototype.PrototypeSpringbootApplication] -- No active profile set, falling back to default profiles: default
[2021-06-29 19:50:37] -- [INFO ]: [com.prototype.PrototypeSpringbootApplication] -- Started PrototypeSpringbootApplication in 3.534 seconds (JVM running for 4.557)
[2021-06-29 19:50:37] -- [INFO ]: [com.prototype.thymeleaf.config.LoadDatabase] -- Preloading User [userId=1, name=John, age=20, membership=true]
[2021-06-29 19:50:37] -- [INFO ]: [com.prototype.thymeleaf.config.LoadDatabase] -- Preloading User [userId=2, name=Jane, age=26, membership=false]
[2021-06-29 19:50:37] -- [INFO ]: [com.prototype.thymeleaf.config.LoadDatabase] -- Preloading User [userId=3, name=Doe, age=35, membership=false]
[2021-06-29 19:50:37] -- [INFO ]: [com.prototype.thymeleaf.config.LoadDatabase] -- Preloading User [userId=4, name=Lisa, age=46, membership=true]
[2021-06-29 19:50:37] -- [INFO ]: [com.prototype.thymeleaf.config.LoadDatabase] -- Preloading User [userId=5, name=Ann, age=41, membership=false]
[2021-06-29 19:51:28] -- [INFO ]: [com.prototype.PrototypeSpringbootApplication] -- Starting PrototypeSpringbootApplication using Java 11.0.5 on Marie-laptop.local with PID 77516 (/Users/yiyuanshang/study/prototype_springboot/target/classes started by yiyuanshang in /Users/yiyuanshang/study/prototype_springboot)
[2021-06-29 19:51:28] -- [INFO ]: [com.prototype.PrototypeSpringbootApplication] -- No active profile set, falling back to default profiles: default
[2021-06-29 19:51:29] -- [INFO ]: [com.prototype.PrototypeSpringbootApplication] -- Started PrototypeSpringbootApplication in 0.707 seconds (JVM running for 56.477)
[2021-06-29 19:51:29] -- [INFO ]: [com.prototype.thymeleaf.config.LoadDatabase] -- Preloading User [userId=1, name=John, age=20, membership=true]
[2021-06-29 19:51:29] -- [INFO ]: [com.prototype.thymeleaf.config.LoadDatabase] -- Preloading User [userId=2, name=Jane, age=26, membership=false]
[2021-06-29 19:51:29] -- [INFO ]: [com.prototype.thymeleaf.config.LoadDatabase] -- Preloading User [userId=3, name=Doe, age=35, membership=false]
[2021-06-29 19:51:29] -- [INFO ]: [com.prototype.thymeleaf.config.LoadDatabase] -- Preloading User [userId=4, name=Lisa, age=46, membership=true]
[2021-06-29 19:51:29] -- [INFO ]: [com.prototype.thymeleaf.config.LoadDatabase] -- Preloading User [userId=5, name=Ann, age=41, membership=false]
[2021-06-29 19:56:42] -- [INFO ]: [com.prototype.PrototypeSpringbootApplication] -- Starting PrototypeSpringbootApplication using Java 11.0.5 on Marie-laptop.local with PID 77593 (/Users/yiyuanshang/study/prototype_springboot/target/classes started by yiyuanshang in /Users/yiyuanshang/study/prototype_springboot)
[2021-06-29 19:56:42] -- [INFO ]: [com.prototype.PrototypeSpringbootApplication] -- No active profile set, falling back to default profiles: default
[2021-06-29 19:56:46] -- [INFO ]: [com.prototype.PrototypeSpringbootApplication] -- Started PrototypeSpringbootApplication in 3.808 seconds (JVM running for 4.763)
[2021-06-29 19:56:46] -- [INFO ]: [com.prototype.thymeleaf.config.LoadDatabase] -- Preloading User [userId=1, name=John, age=20, membership=true]
[2021-06-29 19:56:46] -- [INFO ]: [com.prototype.thymeleaf.config.LoadDatabase] -- Preloading User [userId=2, name=Jane, age=26, membership=false]
[2021-06-29 19:56:46] -- [INFO ]: [com.prototype.thymeleaf.config.LoadDatabase] -- Preloading User [userId=3, name=Doe, age=35, membership=false]
[2021-06-29 19:56:46] -- [INFO ]: [com.prototype.thymeleaf.config.LoadDatabase] -- Preloading User [userId=4, name=Lisa, age=46, membership=true]
[2021-06-29 19:56:46] -- [INFO ]: [com.prototype.thymeleaf.config.LoadDatabase] -- Preloading User [userId=5, name=Ann, age=41, membership=false]
